[debug] [2021-04-16T17:19:36.406Z] ----------------------------------------------------------------------
[debug] [2021-04-16T17:19:36.409Z] Command:       C:\Program Files\nodejs\node.exe C:\Users\Amay\AppData\Roaming\npm\node_modules\firebase-tools\lib\bin\firebase.js init
[debug] [2021-04-16T17:19:36.409Z] CLI Version:   9.10.0
[debug] [2021-04-16T17:19:36.409Z] Platform:      win32
[debug] [2021-04-16T17:19:36.410Z] Node Version:  v14.15.4
[debug] [2021-04-16T17:19:36.411Z] Time:          Fri Apr 16 2021 22:49:36 GMT+0530 (India Standard Time)
[debug] [2021-04-16T17:19:36.411Z] ----------------------------------------------------------------------
[debug] 
[debug] [2021-04-16T17:19:36.422Z] > command requires scopes: ["email","openid","https://www.googleapis.com/auth/cloudplatformprojects.readonly","https://www.googleapis.com/auth/firebase","https://www.googleapis.com/auth/cloud-platform"]
[debug] [2021-04-16T17:19:36.423Z] > authorizing via signed-in user (amaysharma82530@gmail.com)
[info] 
     ######## #### ########  ######## ########     ###     ######  ########
     ##        ##  ##     ## ##       ##     ##  ##   ##  ##       ##
     ######    ##  ########  ######   ########  #########  ######  ######
     ##        ##  ##    ##  ##       ##     ## ##     ##       ## ##
     ##       #### ##     ## ######## ########  ##     ##  ######  ########

You're about to initialize a Firebase project in this directory:

  C:\Users\Amay\Desktop\landing_page

Before we get started, keep in mind:

  * You are initializing in an existing Firebase project directory

